<?xml version="1.0" encoding="UTF-8"?>
<testsuite name="New Tours Register" tests="1" skipped="0" failures="0" errors="0" timestamp="2018-10-25T11:35:02" hostname="RC-PC" time="57.627">
  <properties/>
  <testcase name="Autentication User" classname="New Tours Register" time="57.627"/>
  <system-out><![CDATA[Usuario Registrado Con Exito
]]></system-out>
  <system-err><![CDATA[oct 25, 2018 6:35:02 AM org.openqa.selenium.remote.DesiredCapabilities chrome
INFORMACIÓN: Using `new ChromeOptions()` is preferred to `DesiredCapabilities.chrome()`
oct 25, 2018 6:35:04 AM org.openqa.selenium.remote.ProtocolHandshake createSession
INFORMACIÓN: Detected dialect: OSS
[Test worker] INFO net.thucydides.core.steps.ConsoleLoggingListener - 
        __    _____ _____ ____ _____   ____   _    ____  ____  _____ ____  
  _     \ \  |_   _| ____/ ___|_   _| |  _ \ / \  / ___|/ ___|| ____|  _ \ 
 (_)_____| |   | | |  _| \___ \ | |   | |_) / _ \ \___ \\___ \|  _| | | | |
  _|_____| |   | | | |___ ___) || |   |  __/ ___ \ ___) |___) | |___| |_| |
 (_)     | |   |_| |_____|____/ |_|   |_| /_/   \_\____/|____/|_____|____/ 
        /_/                                                                

TEST PASSED: Autentication User
----------------------------------------------------------------------------
]]></system-err>
</testsuite>
